app/build/intermediates/manifest_merge_blame_file/debug/processDebugMainManifest/manifest-merger-blame-debug-report.txt
1<?xml version="1.0" encoding="utf-8"?>
2<manifest xmlns:android="http://schemas.android.com/apk/res/android"
3    package="com.example.impacthon"
4    android:versionCode="1"
5    android:versionName="1.0" >
6
7    <uses-sdk
8        android:minSdkVersion="24"
9        android:targetSdkVersion="35" />
10
11    <uses-permission android:name="android.permission.ACCESS_COARSE_LOCATION" />
11-->src/main/AndroidManifest.xml:5:5-81
11-->src/main/AndroidManifest.xml:5:22-78
12    <uses-permission android:name="android.permission.ACCESS_FINE_LOCATION" />
12-->src/main/AndroidManifest.xml:6:5-79
12-->src/main/AndroidManifest.xml:6:22-76
13
14    <uses-feature
14-->[com.mapbox.maps:android-core:11.10.2] AndroidManifest.xml:8:5-10:35
15        android:glEsVersion="0x00030000"
15-->[com.mapbox.maps:android-core:11.10.2] AndroidManifest.xml:9:9-41
16        android:required="true" />
16-->[com.mapbox.maps:android-core:11.10.2] AndroidManifest.xml:10:9-32
17    <uses-feature
17-->[com.mapbox.maps:android-core:11.10.2] AndroidManifest.xml:11:5-13:36
18        android:name="android.hardware.wifi"
18-->[com.mapbox.maps:android-core:11.10.2] AndroidManifest.xml:12:9-45
19        android:required="false" /> <!-- Implied by ACCESS_WIFI_STATE. -->
19-->[com.mapbox.maps:android-core:11.10.2] AndroidManifest.xml:13:9-33
20    <uses-permission android:name="android.permission.INTERNET" />
20-->[com.mapbox.maps:android-core:11.10.2] AndroidManifest.xml:15:5-67
20-->[com.mapbox.maps:android-core:11.10.2] AndroidManifest.xml:15:22-64
21    <uses-permission android:name="android.permission.ACCESS_NETWORK_STATE" />
21-->[com.mapbox.maps:android-core:11.10.2] AndroidManifest.xml:16:5-79
21-->[com.mapbox.maps:android-core:11.10.2] AndroidManifest.xml:16:22-76
22    <uses-permission android:name="android.permission.ACCESS_WIFI_STATE" />
22-->[com.mapbox.maps:android-core:11.10.2] AndroidManifest.xml:17:5-76
22-->[com.mapbox.maps:android-core:11.10.2] AndroidManifest.xml:17:22-73
23
24    <permission
24-->[androidx.core:core:1.15.0] AndroidManifest.xml:22:5-24:47
25        android:name="com.example.impacthon.DYNAMIC_RECEIVER_NOT_EXPORTED_PERMISSION"
25-->[androidx.core:core:1.15.0] AndroidManifest.xml:23:9-81
26        android:protectionLevel="signature" />
26-->[androidx.core:core:1.15.0] AndroidManifest.xml:24:9-44
27
28    <uses-permission android:name="com.example.impacthon.DYNAMIC_RECEIVER_NOT_EXPORTED_PERMISSION" />
28-->[androidx.core:core:1.15.0] AndroidManifest.xml:26:5-97
28-->[androidx.core:core:1.15.0] AndroidManifest.xml:26:22-94
29
30    <application
30-->src/main/AndroidManifest.xml:8:5-26:19
31        android:allowBackup="true"
31-->src/main/AndroidManifest.xml:9:9-35
32        android:appComponentFactory="androidx.core.app.CoreComponentFactory"
32-->[androidx.core:core:1.15.0] AndroidManifest.xml:28:18-86
33        android:dataExtractionRules="@xml/data_extraction_rules"
33-->src/main/AndroidManifest.xml:10:9-65
34        android:debuggable="true"
35        android:extractNativeLibs="false"
36        android:fullBackupContent="@xml/backup_rules"
36-->src/main/AndroidManifest.xml:11:9-54
37        android:icon="@mipmap/icono_app_color"
37-->src/main/AndroidManifest.xml:12:9-47
38        android:label="@string/app_name"
38-->src/main/AndroidManifest.xml:13:9-41
39        android:roundIcon="@mipmap/icono_app_color"
39-->src/main/AndroidManifest.xml:14:9-52
40        android:supportsRtl="true"
40-->src/main/AndroidManifest.xml:15:9-35
41        android:testOnly="true"
42        android:theme="@style/Theme.Impacthon" >
42-->src/main/AndroidManifest.xml:16:9-47
43        <activity
43-->src/main/AndroidManifest.xml:18:9-25:20
44            android:name="com.example.impacthon.MainActivity"
44-->src/main/AndroidManifest.xml:19:13-41
45            android:exported="true" >
45-->src/main/AndroidManifest.xml:20:13-36
46            <intent-filter>
46-->src/main/AndroidManifest.xml:21:13-24:29
47                <action android:name="android.intent.action.MAIN" />
47-->src/main/AndroidManifest.xml:22:17-69
47-->src/main/AndroidManifest.xml:22:25-66
48
49                <category android:name="android.intent.category.LAUNCHER" />
49-->src/main/AndroidManifest.xml:23:17-77
49-->src/main/AndroidManifest.xml:23:27-74
50            </intent-filter>
51        </activity>
52
53        <provider
53-->[com.mapbox.maps:android-core:11.10.2] AndroidManifest.xml:20:9-28:20
54            android:name="androidx.startup.InitializationProvider"
54-->[com.mapbox.maps:android-core:11.10.2] AndroidManifest.xml:21:13-67
55            android:authorities="com.example.impacthon.androidx-startup"
55-->[com.mapbox.maps:android-core:11.10.2] AndroidManifest.xml:22:13-68
56            android:exported="false" >
56-->[com.mapbox.maps:android-core:11.10.2] AndroidManifest.xml:23:13-37
57            <meta-data
57-->[com.mapbox.maps:android-core:11.10.2] AndroidManifest.xml:25:13-27:52
58                android:name="com.mapbox.maps.loader.MapboxMapsInitializer"
58-->[com.mapbox.maps:android-core:11.10.2] AndroidManifest.xml:26:17-76
59                android:value="androidx.startup" />
59-->[com.mapbox.maps:android-core:11.10.2] AndroidManifest.xml:27:17-49
60            <!-- This entry makes MapboxSDKCommonInitializer discoverable. -->
61            <meta-data
61-->[com.mapbox.common:common:24.10.0] AndroidManifest.xml:19:13-21:52
62                android:name="com.mapbox.common.MapboxSDKCommonInitializer"
62-->[com.mapbox.common:common:24.10.0] AndroidManifest.xml:20:17-76
63                android:value="androidx.startup" />
63-->[com.mapbox.common:common:24.10.0] AndroidManifest.xml:21:17-49
64            <meta-data
64-->[androidx.emoji2:emoji2:1.3.0] AndroidManifest.xml:29:13-31:52
65                android:name="androidx.emoji2.text.EmojiCompatInitializer"
65-->[androidx.emoji2:emoji2:1.3.0] AndroidManifest.xml:30:17-75
66                android:value="androidx.startup" />
66-->[androidx.emoji2:emoji2:1.3.0] AndroidManifest.xml:31:17-49
67            <meta-data
67-->[androidx.lifecycle:lifecycle-process:2.8.7] AndroidManifest.xml:29:13-31:52
68                android:name="androidx.lifecycle.ProcessLifecycleInitializer"
68-->[androidx.lifecycle:lifecycle-process:2.8.7] AndroidManifest.xml:30:17-78
69                android:value="androidx.startup" />
69-->[androidx.lifecycle:lifecycle-process:2.8.7] AndroidManifest.xml:31:17-49
70            <meta-data
70-->[androidx.profileinstaller:profileinstaller:1.4.0] AndroidManifest.xml:29:13-31:52
71                android:name="androidx.profileinstaller.ProfileInstallerInitializer"
71-->[androidx.profileinstaller:profileinstaller:1.4.0] AndroidManifest.xml:30:17-85
72                android:value="androidx.startup" />
72-->[androidx.profileinstaller:profileinstaller:1.4.0] AndroidManifest.xml:31:17-49
73        </provider>
74
75        <receiver
75-->[com.mapbox.common:common:24.10.0] AndroidManifest.xml:24:9-31:20
76            android:name="com.mapbox.common.location.LocationUpdatesReceiver"
76-->[com.mapbox.common:common:24.10.0] AndroidManifest.xml:25:13-78
77            android:enabled="true"
77-->[com.mapbox.common:common:24.10.0] AndroidManifest.xml:26:13-35
78            android:exported="false" >
78-->[com.mapbox.common:common:24.10.0] AndroidManifest.xml:27:13-37
79            <intent-filter>
79-->[com.mapbox.common:common:24.10.0] AndroidManifest.xml:28:13-30:29
80                <action android:name="com.mapbox.common.location.LocationUpdatesReceiver.ACTION_PROCESS_LOCATION_UPDATES" />
80-->[com.mapbox.common:common:24.10.0] AndroidManifest.xml:29:17-125
80-->[com.mapbox.common:common:24.10.0] AndroidManifest.xml:29:25-122
81            </intent-filter>
82        </receiver>
83
84        <service
84-->[com.mapbox.common:common:24.10.0] AndroidManifest.xml:33:9-35:40
85            android:name="com.mapbox.common.LifecycleService"
85-->[com.mapbox.common:common:24.10.0] AndroidManifest.xml:34:13-62
86            android:exported="false" />
86-->[com.mapbox.common:common:24.10.0] AndroidManifest.xml:35:13-37
87
88        <activity
88-->[com.google.android.gms:play-services-base:18.5.0] AndroidManifest.xml:5:9-173
89            android:name="com.google.android.gms.common.api.GoogleApiActivity"
89-->[com.google.android.gms:play-services-base:18.5.0] AndroidManifest.xml:5:19-85
90            android:exported="false"
90-->[com.google.android.gms:play-services-base:18.5.0] AndroidManifest.xml:5:146-170
91            android:theme="@android:style/Theme.Translucent.NoTitleBar" />
91-->[com.google.android.gms:play-services-base:18.5.0] AndroidManifest.xml:5:86-145
92
93        <meta-data
93-->[com.google.android.gms:play-services-basement:18.4.0] AndroidManifest.xml:6:9-122
94            android:name="com.google.android.gms.version"
94-->[com.google.android.gms:play-services-basement:18.4.0] AndroidManifest.xml:6:20-65
95            android:value="@integer/google_play_services_version" />
95-->[com.google.android.gms:play-services-basement:18.4.0] AndroidManifest.xml:6:66-119
96
97        <uses-library
97-->[androidx.window:window:1.0.0] AndroidManifest.xml:25:9-27:40
98            android:name="androidx.window.extensions"
98-->[androidx.window:window:1.0.0] AndroidManifest.xml:26:13-54
99            android:required="false" />
99-->[androidx.window:window:1.0.0] AndroidManifest.xml:27:13-37
100        <uses-library
100-->[androidx.window:window:1.0.0] AndroidManifest.xml:28:9-30:40
101            android:name="androidx.window.sidecar"
101-->[androidx.window:window:1.0.0] AndroidManifest.xml:29:13-51
102            android:required="false" />
102-->[androidx.window:window:1.0.0] AndroidManifest.xml:30:13-37
103
104        <receiver
104-->[androidx.profileinstaller:profileinstaller:1.4.0] AndroidManifest.xml:34:9-52:20
105            android:name="androidx.profileinstaller.ProfileInstallReceiver"
105-->[androidx.profileinstaller:profileinstaller:1.4.0] AndroidManifest.xml:35:13-76
106            android:directBootAware="false"
106-->[androidx.profileinstaller:profileinstaller:1.4.0] AndroidManifest.xml:36:13-44
107            android:enabled="true"
107-->[androidx.profileinstaller:profileinstaller:1.4.0] AndroidManifest.xml:37:13-35
108            android:exported="true"
108-->[androidx.profileinstaller:profileinstaller:1.4.0] AndroidManifest.xml:38:13-36
109            android:permission="android.permission.DUMP" >
109-->[androidx.profileinstaller:profileinstaller:1.4.0] AndroidManifest.xml:39:13-57
110            <intent-filter>
110-->[androidx.profileinstaller:profileinstaller:1.4.0] AndroidManifest.xml:40:13-42:29
111                <action android:name="androidx.profileinstaller.action.INSTALL_PROFILE" />
111-->[androidx.profileinstaller:profileinstaller:1.4.0] AndroidManifest.xml:41:17-91
111-->[androidx.profileinstaller:profileinstaller:1.4.0] AndroidManifest.xml:41:25-88
112            </intent-filter>
113            <intent-filter>
113-->[androidx.profileinstaller:profileinstaller:1.4.0] AndroidManifest.xml:43:13-45:29
114                <action android:name="androidx.profileinstaller.action.SKIP_FILE" />
114-->[androidx.profileinstaller:profileinstaller:1.4.0] AndroidManifest.xml:44:17-85
114-->[androidx.profileinstaller:profileinstaller:1.4.0] AndroidManifest.xml:44:25-82
115            </intent-filter>
116            <intent-filter>
116-->[androidx.profileinstaller:profileinstaller:1.4.0] AndroidManifest.xml:46:13-48:29
117                <action android:name="androidx.profileinstaller.action.SAVE_PROFILE" />
117-->[androidx.profileinstaller:profileinstaller:1.4.0] AndroidManifest.xml:47:17-88
117-->[androidx.profileinstaller:profileinstaller:1.4.0] AndroidManifest.xml:47:25-85
118            </intent-filter>
119            <intent-filter>
119-->[androidx.profileinstaller:profileinstaller:1.4.0] AndroidManifest.xml:49:13-51:29
120                <action android:name="androidx.profileinstaller.action.BENCHMARK_OPERATION" />
120-->[androidx.profileinstaller:profileinstaller:1.4.0] AndroidManifest.xml:50:17-95
120-->[androidx.profileinstaller:profileinstaller:1.4.0] AndroidManifest.xml:50:25-92
121            </intent-filter>
122        </receiver>
123    </application>
124
125</manifest>